<?xml version="1.0" encoding="UTF-8"?>
<!-- Generated by org.testng.reporters.JUnitXMLReporter -->
<testsuite hostname="DESKTOP-RFUP4EQ" ignored="1" name="Default test(failed)" tests="2" failures="1" timestamp="2020-06-18T12:11:30 IST" time="0.079" errors="0">
  <testcase name="test2" time="0.011" classname="demo.TestNGIgnoreTestsDemo"/>
  <testcase name="test3" time="0.007" classname="demo.TestNGIgnoreTestsDemo">
    <failure type="java.lang.AssertionError" message="expected [true] but found [false]">
      <![CDATA[java.lang.AssertionError: expected [true] but found [false]
at demo.TestNGIgnoreTestsDemo.test3(TestNGIgnoreTestsDemo.java:21)
at java.util.ArrayList.forEach(Unknown Source)
... Removed 31 stack frames]]>
    </failure>
  </testcase> <!-- test3 -->
  <testcase name="test1" time="0.0" classname="demo.TestNGIgnoreTestsDemo">
    <ignored/>
  </testcase> <!-- test1 -->
</testsuite> <!-- Default test(failed) -->
