<?xml version="1.0" encoding="UTF-8"?>
<!-- Generated by org.testng.reporters.JUnitXMLReporter -->
<testsuite hostname="DESKTOP-RFUP4EQ" ignored="0" name="Test1" tests="4" failures="0" timestamp="2020-06-16T17:46:20 IST" time="0.133" errors="0">
  <testcase name="Test1" time="0.015" classname="demo.TestNGGroupingDemo"/>
  <testcase name="Test2" time="0.008" classname="demo.TestNGGroupingDemo"/>
  <testcase name="Test3" time="0.007" classname="demo.TestNGGroupingDemo"/>
  <testcase name="Test4" time="0.005" classname="demo.TestNGGroupingDemo"/>
</testsuite> <!-- Test1 -->
